# JRE version: Java(TM) SE Runtime Environment (8.0_221-b11) (build 1.8.0_221-b11)
# Java VM: Java HotSpot(TM) 64-Bit Server VM (25.221-b11 mixed mode windows-amd64 compressed oops)
Heap:
 PSYoungGen      total 232960K, used 219383K [0x000000076b180000, 0x000000077b700000, 0x00000007c0000000)
  eden space 220160K, 93% used [0x000000076b180000,0x0000000777b41c78,0x0000000778880000)
  from space 12800K, 99% used [0x0000000779a00000,0x000000077a67c020,0x000000077a680000)
  to   space 17920K, 0% used [0x0000000778880000,0x0000000778880000,0x0000000779a00000)
 ParOldGen       total 144384K, used 28376K [0x00000006c1400000, 0x00000006ca100000, 0x000000076b180000)
  object space 144384K, 19% used [0x00000006c1400000,0x00000006c2fb6328,0x00000006ca100000)
 Metaspace       used 42311K, capacity 45010K, committed 45184K, reserved 1087488K
  class space    used 5956K, capacity 6449K, committed 6528K, reserved 1048576K
GC Heap History (10 events):
Event: 7.439 GC heap before
{Heap before GC invocations=8 (full 1):
 PSYoungGen      total 115712K, used 113066K [0x000000076b180000, 0x0000000772b00000, 0x00000007c0000000)
  eden space 108032K, 100% used [0x000000076b180000,0x0000000771b00000,0x0000000771b00000)
  from space 7680K, 65% used [0x0000000772380000,0x000000077286a910,0x0000000772b00000)
  to   space 8192K, 0% used [0x0000000771b00000,0x0000000771b00000,0x0000000772300000)
 ParOldGen       total 99840K, used 6717K [0x00000006c1400000, 0x00000006c7580000, 0x000000076b180000)
  object space 99840K, 6% used [0x00000006c1400000,0x00000006c1a8f718,0x00000006c7580000)
 Metaspace       used 29955K, capacity 31518K, committed 31744K, reserved 1077248K
  class space    used 4037K, capacity 4333K, committed 4352K, reserved 1048576K
Event: 7.447 GC heap after
Heap after GC invocations=8 (full 1):
 PSYoungGen      total 116224K, used 7791K [0x000000076b180000, 0x0000000776d00000, 0x00000007c0000000)
  eden space 108032K, 0% used [0x000000076b180000,0x000000076b180000,0x0000000771b00000)
  from space 8192K, 95% used [0x0000000771b00000,0x000000077229bfd0,0x0000000772300000)
  to   space 9216K, 0% used [0x0000000776400000,0x0000000776400000,0x0000000776d00000)
 ParOldGen       total 99840K, used 6725K [0x00000006c1400000, 0x00000006c7580000, 0x000000076b180000)
  object space 99840K, 6% used [0x00000006c1400000,0x00000006c1a91718,0x00000006c7580000)
 Metaspace       used 29955K, capacity 31518K, committed 31744K, reserved 1077248K
  class space    used 4037K, capacity 4333K, committed 4352K, reserved 1048576K
}
Event: 8.514 GC heap before
{Heap before GC invocations=9 (full 1):
 PSYoungGen      total 116224K, used 82568K [0x000000076b180000, 0x0000000776d00000, 0x00000007c0000000)
  eden space 108032K, 69% used [0x000000076b180000,0x000000076fa860b8,0x0000000771b00000)
  from space 8192K, 95% used [0x0000000771b00000,0x000000077229bfd0,0x0000000772300000)
  to   space 9216K, 0% used [0x0000000776400000,0x0000000776400000,0x0000000776d00000)
 ParOldGen       total 99840K, used 6725K [0x00000006c1400000, 0x00000006c7580000, 0x000000076b180000)
  object space 99840K, 6% used [0x00000006c1400000,0x00000006c1a91718,0x00000006c7580000)
 Metaspace       used 33699K, capacity 35460K, committed 35496K, reserved 1079296K
  class space    used 4744K, capacity 5086K, committed 5120K, reserved 1048576K
Event: 8.520 GC heap after
Heap after GC invocations=9 (full 1):
 PSYoungGen      total 176640K, used 7572K [0x000000076b180000, 0x0000000776b80000, 0x00000007c0000000)
  eden space 168960K, 0% used [0x000000076b180000,0x000000076b180000,0x0000000775680000)
  from space 7680K, 98% used [0x0000000776400000,0x0000000776b65010,0x0000000776b80000)
  to   space 9216K, 0% used [0x0000000775980000,0x0000000775980000,0x0000000776280000)
 ParOldGen       total 99840K, used 6733K [0x00000006c1400000, 0x00000006c7580000, 0x000000076b180000)
  object space 99840K, 6% used [0x00000006c1400000,0x00000006c1a93718,0x00000006c7580000)
 Metaspace       used 33699K, capacity 35460K, committed 35496K, reserved 1079296K
  class space    used 4744K, capacity 5086K, committed 5120K, reserved 1048576K
}
Event: 8.520 GC heap before
{Heap before GC invocations=10 (full 2):
 PSYoungGen      total 176640K, used 7572K [0x000000076b180000, 0x0000000776b80000, 0x00000007c0000000)
  eden space 168960K, 0% used [0x000000076b180000,0x000000076b180000,0x0000000775680000)
  from space 7680K, 98% used [0x0000000776400000,0x0000000776b65010,0x0000000776b80000)
  to   space 9216K, 0% used [0x0000000775980000,0x0000000775980000,0x0000000776280000)
 ParOldGen       total 99840K, used 6733K [0x00000006c1400000, 0x00000006c7580000, 0x000000076b180000)
  object space 99840K, 6% used [0x00000006c1400000,0x00000006c1a93718,0x00000006c7580000)
 Metaspace       used 33699K, capacity 35460K, committed 35496K, reserved 1079296K
  class space    used 4744K, capacity 5086K, committed 5120K, reserved 1048576K
Event: 8.553 GC heap after
Heap after GC invocations=10 (full 2):
 PSYoungGen      total 176640K, used 0K [0x000000076b180000, 0x0000000776b80000, 0x00000007c0000000)
  eden space 168960K, 0% used [0x000000076b180000,0x000000076b180000,0x0000000775680000)
  from space 7680K, 0% used [0x0000000776400000,0x0000000776400000,0x0000000776b80000)
  to   space 9216K, 0% used [0x0000000775980000,0x0000000775980000,0x0000000776280000)
 ParOldGen       total 144384K, used 12442K [0x00000006c1400000, 0x00000006ca100000, 0x000000076b180000)
  object space 144384K, 8% used [0x00000006c1400000,0x00000006c2026990,0x00000006ca100000)
 Metaspace       used 33699K, capacity 35460K, committed 35496K, reserved 1079296K
  class space    used 4744K, capacity 5086K, committed 5120K, reserved 1048576K
}
Event: 10.505 GC heap before
{Heap before GC invocations=11 (full 2):
 PSYoungGen      total 176640K, used 168960K [0x000000076b180000, 0x0000000776b80000, 0x00000007c0000000)
  eden space 168960K, 100% used [0x000000076b180000,0x0000000775680000,0x0000000775680000)
  from space 7680K, 0% used [0x0000000776400000,0x0000000776400000,0x0000000776b80000)
  to   space 9216K, 0% used [0x0000000775980000,0x0000000775980000,0x0000000776280000)
 ParOldGen       total 144384K, used 12442K [0x00000006c1400000, 0x00000006ca100000, 0x000000076b180000)
  object space 144384K, 8% used [0x00000006c1400000,0x00000006c2026990,0x00000006ca100000)
 Metaspace       used 37228K, capacity 39394K, committed 39680K, reserved 1083392K
  class space    used 5204K, capacity 5599K, committed 5632K, reserved 1048576K
Event: 10.521 GC heap after
Heap after GC invocations=11 (full 2):
 PSYoungGen      total 181248K, used 9186K [0x000000076b180000, 0x000000077a680000, 0x00000007c0000000)
  eden space 172032K, 0% used [0x000000076b180000,0x000000076b180000,0x0000000775980000)
  from space 9216K, 99% used [0x0000000775980000,0x0000000776278ae0,0x0000000776280000)
  to   space 12800K, 0% used [0x0000000779a00000,0x0000000779a00000,0x000000077a680000)
 ParOldGen       total 144384K, used 18410K [0x00000006c1400000, 0x00000006ca100000, 0x000000076b180000)
  object space 144384K, 12% used [0x00000006c1400000,0x00000006c25faad8,0x00000006ca100000)
 Metaspace       used 37228K, capacity 39394K, committed 39680K, reserved 1083392K
  class space    used 5204K, capacity 5599K, committed 5632K, reserved 1048576K
}
Event: 11.596 GC heap before
{Heap before GC invocations=12 (full 2):
 PSYoungGen      total 181248K, used 181218K [0x000000076b180000, 0x000000077a680000, 0x00000007c0000000)
  eden space 172032K, 100% used [0x000000076b180000,0x0000000775980000,0x0000000775980000)
  from space 9216K, 99% used [0x0000000775980000,0x0000000776278ae0,0x0000000776280000)
  to   space 12800K, 0% used [0x0000000779a00000,0x0000000779a00000,0x000000077a680000)
 ParOldGen       total 144384K, used 18410K [0x00000006c1400000, 0x00000006ca100000, 0x000000076b180000)
  object space 144384K, 12% used [0x00000006c1400000,0x00000006c25faad8,0x00000006ca100000)
 Metaspace       used 37688K, capacity 39908K, committed 40064K, reserved 1083392K
  class space    used 5240K, capacity 5638K, committed 5760K, reserved 1048576K
Event: 11.616 GC heap after
Heap after GC invocations=12 (full 2):
 PSYoungGen      total 232960K, used 12784K [0x000000076b180000, 0x000000077b700000, 0x00000007c0000000)
  eden space 220160K, 0% used [0x000000076b180000,0x000000076b180000,0x0000000778880000)
  from space 12800K, 99% used [0x0000000779a00000,0x000000077a67c020,0x000000077a680000)
  to   space 17920K, 0% used [0x0000000778880000,0x0000000778880000,0x0000000779a00000)
 ParOldGen       total 144384K, used 28376K [0x00000006c1400000, 0x00000006ca100000, 0x000000076b180000)
  object space 144384K, 19% used [0x00000006c1400000,0x00000006c2fb6328,0x00000006ca100000)
 Metaspace       used 37688K, capacity 39908K, committed 40064K, reserved 1083392K
  class space    used 5240K, capacity 5638K, committed 5760K, reserved 1048576K
}

